<?xml version="1.0" encoding="UTF-8"?>
<testng-results skipped="0" failed="1" ignored="0" total="3" passed="2">
  <reporter-output>
  </reporter-output>
  <suite name="Default suite" duration-ms="8025" started-at="2018-02-01T15:27:10Z" finished-at="2018-02-01T15:27:18Z">
    <groups>
    </groups>
    <test name="Default test" duration-ms="8025" started-at="2018-02-01T15:27:10Z" finished-at="2018-02-01T15:27:18Z">
      <class name="com.darren.test.GmailLogin">
        <test-method status="PASS" signature="OpenBrowser()[pri:0, instance:com.darren.test.GmailLogin@1c5920df]" name="OpenBrowser" is-config="true" duration-ms="1923" started-at="2018-02-01T10:27:10Z" finished-at="2018-02-01T10:27:12Z">
          <reporter-output>
          </reporter-output>
        </test-method> <!-- OpenBrowser -->
        <test-method status="PASS" signature="enterUserNameCredential()[pri:1, instance:com.darren.test.GmailLogin@1c5920df]" name="enterUserNameCredential" duration-ms="772" started-at="2018-02-01T10:27:12Z" finished-at="2018-02-01T10:27:13Z">
          <reporter-output>
          </reporter-output>
        </test-method> <!-- enterUserNameCredential -->
        <test-method status="PASS" signature="enterPassword()[pri:2, instance:com.darren.test.GmailLogin@1c5920df]" name="enterPassword" duration-ms="3107" started-at="2018-02-01T10:27:13Z" finished-at="2018-02-01T10:27:16Z">
          <reporter-output>
          </reporter-output>
        </test-method> <!-- enterPassword -->
        <test-method status="FAIL" signature="verifyAfterLogin()[pri:3, instance:com.darren.test.GmailLogin@1c5920df]" name="verifyAfterLogin" duration-ms="675" started-at="2018-02-01T10:27:16Z" finished-at="2018-02-01T10:27:16Z">
          <exception class="java.lang.AssertionError">
            <message>
              <![CDATA[expected [true] but found [false]]]>
            </message>
            <full-stacktrace>
              <![CDATA[java.lang.AssertionError: expected [true] but found [false]
	at org.testng.Assert.fail(Assert.java:93)
	at org.testng.Assert.failNotEquals(Assert.java:512)
	at org.testng.Assert.assertTrue(Assert.java:41)
	at org.testng.Assert.assertTrue(Assert.java:51)
	at com.darren.test.GmailLogin.verifyAfterLogin(GmailLogin.java:38)
	at sun.reflect.NativeMethodAccessorImpl.invoke0(Native Method)
	at sun.reflect.NativeMethodAccessorImpl.invoke(Unknown Source)
	at sun.reflect.DelegatingMethodAccessorImpl.invoke(Unknown Source)
	at java.lang.reflect.Method.invoke(Unknown Source)
	at org.testng.internal.MethodInvocationHelper.invokeMethod(MethodInvocationHelper.java:108)
	at org.testng.internal.Invoker.invokeMethod(Invoker.java:669)
	at org.testng.internal.Invoker.invokeTestMethod(Invoker.java:877)
	at org.testng.internal.Invoker.invokeTestMethods(Invoker.java:1201)
	at org.testng.internal.TestMethodWorker.invokeTestMethods(TestMethodWorker.java:125)
	at org.testng.internal.TestMethodWorker.run(TestMethodWorker.java:109)
	at org.testng.TestRunner.privateRun(TestRunner.java:776)
	at org.testng.TestRunner.run(TestRunner.java:634)
	at org.testng.SuiteRunner.runTest(SuiteRunner.java:425)
	at org.testng.SuiteRunner.runSequentially(SuiteRunner.java:420)
	at org.testng.SuiteRunner.privateRun(SuiteRunner.java:385)
	at org.testng.SuiteRunner.run(SuiteRunner.java:334)
	at org.testng.SuiteRunnerWorker.runSuite(SuiteRunnerWorker.java:52)
	at org.testng.SuiteRunnerWorker.run(SuiteRunnerWorker.java:86)
	at org.testng.TestNG.runSuitesSequentially(TestNG.java:1318)
	at org.testng.TestNG.runSuitesLocally(TestNG.java:1243)
	at org.testng.TestNG.runSuites(TestNG.java:1161)
	at org.testng.TestNG.run(TestNG.java:1129)
	at org.testng.remote.AbstractRemoteTestNG.run(AbstractRemoteTestNG.java:114)
	at org.testng.remote.RemoteTestNG.initAndRun(RemoteTestNG.java:251)
	at org.testng.remote.RemoteTestNG.main(RemoteTestNG.java:77)
]]>
            </full-stacktrace>
          </exception> <!-- java.lang.AssertionError -->
          <reporter-output>
          </reporter-output>
        </test-method> <!-- verifyAfterLogin -->
        <test-method status="PASS" signature="closeDriver()[pri:0, instance:com.darren.test.GmailLogin@1c5920df]" name="closeDriver" is-config="true" duration-ms="1521" started-at="2018-02-01T10:27:16Z" finished-at="2018-02-01T10:27:18Z">
          <reporter-output>
          </reporter-output>
        </test-method> <!-- closeDriver -->
      </class> <!-- com.darren.test.GmailLogin -->
    </test> <!-- Default test -->
  </suite> <!-- Default suite -->
</testng-results>
